Reading netlist file: "C:\Users\Juan\Documents\Documentos_para_residencia\MIPS ENSAMBLADOR\MIPS\impl\gwsynthesis\MIPS.vg"
Parsing netlist file "C:\Users\Juan\Documents\Documentos_para_residencia\MIPS ENSAMBLADOR\MIPS\impl\gwsynthesis\MIPS.vg" completed
Processing netlist completed
Reading constraint file: "C:\Users\Juan\Documents\Documentos_para_residencia\MIPS ENSAMBLADOR\MIPS\src\MIPS.cst"
Physical Constraint parsed completed
Running placement......
[10%] Placement Phase 0 completed
[20%] Placement Phase 1 completed
[30%] Placement Phase 2 completed
WARN  (TA1132) :  'clk' was determined to be a clock but was not created.
[50%] Placement Phase 3 completed
Running routing......
[60%] Routing Phase 0 completed
[70%] Routing Phase 1 completed
[80%] Routing Phase 2 completed
[90%] Routing Phase 3 completed
Running timing analysis......
[95%] Timing analysis completed
Placement and routing completed
Bitstream generation in progress......
Bitstream generation completed
Running power analysis......
[100%] Power analysis completed
Generate file "C:\Users\Juan\Documents\Documentos_para_residencia\MIPS ENSAMBLADOR\MIPS\impl\pnr\MIPS.power.html" completed
Generate file "C:\Users\Juan\Documents\Documentos_para_residencia\MIPS ENSAMBLADOR\MIPS\impl\pnr\MIPS.pin.html" completed
Generate file "C:\Users\Juan\Documents\Documentos_para_residencia\MIPS ENSAMBLADOR\MIPS\impl\pnr\MIPS.rpt.html" completed
Generate file "C:\Users\Juan\Documents\Documentos_para_residencia\MIPS ENSAMBLADOR\MIPS\impl\pnr\MIPS.rpt.txt" completed
Generate file "C:\Users\Juan\Documents\Documentos_para_residencia\MIPS ENSAMBLADOR\MIPS\impl\pnr\MIPS.tr.html" completed
Tue Nov 26 18:11:21 2024

