GowinSynthesis start
Running parser ...
Analyzing Verilog file 'C:\Users\Juan\Documents\Documentos_para_residencia\MIPS ENSAMBLADOR\MIPS\src\TopMips.sv'
Compiling module 'top'("C:\Users\Juan\Documents\Documentos_para_residencia\MIPS ENSAMBLADOR\MIPS\src\TopMips.sv":1)
Compiling module 'mips'("C:\Users\Juan\Documents\Documentos_para_residencia\MIPS ENSAMBLADOR\MIPS\src\TopMips.sv":14)
Compiling module 'controller'("C:\Users\Juan\Documents\Documentos_para_residencia\MIPS ENSAMBLADOR\MIPS\src\TopMips.sv":54)
Compiling module 'maindec'("C:\Users\Juan\Documents\Documentos_para_residencia\MIPS ENSAMBLADOR\MIPS\src\TopMips.sv":69)
Compiling module 'aludec'("C:\Users\Juan\Documents\Documentos_para_residencia\MIPS ENSAMBLADOR\MIPS\src\TopMips.sv":90)
Compiling module 'datapath'("C:\Users\Juan\Documents\Documentos_para_residencia\MIPS ENSAMBLADOR\MIPS\src\TopMips.sv":108)
Compiling module 'flopr(WIDTH=32)'("C:\Users\Juan\Documents\Documentos_para_residencia\MIPS ENSAMBLADOR\MIPS\src\TopMips.sv":162)
Compiling module 'adder'("C:\Users\Juan\Documents\Documentos_para_residencia\MIPS ENSAMBLADOR\MIPS\src\TopMips.sv":146)
Compiling module 'sl2'("C:\Users\Juan\Documents\Documentos_para_residencia\MIPS ENSAMBLADOR\MIPS\src\TopMips.sv":151)
Compiling module 'mux2(WIDTH=32)'("C:\Users\Juan\Documents\Documentos_para_residencia\MIPS ENSAMBLADOR\MIPS\src\TopMips.sv":171)
Compiling module 'regfile'("C:\Users\Juan\Documents\Documentos_para_residencia\MIPS ENSAMBLADOR\MIPS\src\TopMips.sv":178)
Extracting RAM for identifier 'rf'("C:\Users\Juan\Documents\Documentos_para_residencia\MIPS ENSAMBLADOR\MIPS\src\TopMips.sv":183)
Compiling module 'mux2(WIDTH=5)'("C:\Users\Juan\Documents\Documentos_para_residencia\MIPS ENSAMBLADOR\MIPS\src\TopMips.sv":171)
Compiling module 'signext'("C:\Users\Juan\Documents\Documentos_para_residencia\MIPS ENSAMBLADOR\MIPS\src\TopMips.sv":157)
Compiling module 'alu'("C:\Users\Juan\Documents\Documentos_para_residencia\MIPS ENSAMBLADOR\MIPS\src\TopMips.sv":191)
Compiling module 'imem'("C:\Users\Juan\Documents\Documentos_para_residencia\MIPS ENSAMBLADOR\MIPS\src\TopMips.sv":45)
Extracting RAM for identifier 'RAM'("C:\Users\Juan\Documents\Documentos_para_residencia\MIPS ENSAMBLADOR\MIPS\src\TopMips.sv":47)
Compiling module 'dmem'("C:\Users\Juan\Documents\Documentos_para_residencia\MIPS ENSAMBLADOR\MIPS\src\TopMips.sv":34)
Extracting RAM for identifier 'RAM'("C:\Users\Juan\Documents\Documentos_para_residencia\MIPS ENSAMBLADOR\MIPS\src\TopMips.sv":37)
NOTE  (EX0101) : Current top module is "top"
[5%] Running netlist conversion ...
Running device independent optimization ...
[10%] Optimizing Phase 0 completed
[15%] Optimizing Phase 1 completed
[25%] Optimizing Phase 2 completed
Running inference ...
[30%] Inferring Phase 0 completed
[40%] Inferring Phase 1 completed
[50%] Inferring Phase 2 completed
[55%] Inferring Phase 3 completed
Running technical mapping ...
[60%] Tech-Mapping Phase 0 completed
[65%] Tech-Mapping Phase 1 completed
[75%] Tech-Mapping Phase 2 completed
[80%] Tech-Mapping Phase 3 completed
[90%] Tech-Mapping Phase 4 completed
WARN  (NL0002) : The module "controller" instantiated to "c" is swept in optimizing("C:\Users\Juan\Documents\Documentos_para_residencia\MIPS ENSAMBLADOR\MIPS\src\TopMips.sv":26)
WARN  (NL0002) : The module "aludec" instantiated to "ad" is swept in optimizing("C:\Users\Juan\Documents\Documentos_para_residencia\MIPS ENSAMBLADOR\MIPS\src\TopMips.sv":65)
WARN  (NL0002) : The module "maindec" instantiated to "md" is swept in optimizing("C:\Users\Juan\Documents\Documentos_para_residencia\MIPS ENSAMBLADOR\MIPS\src\TopMips.sv":64)
WARN  (NL0002) : The module "sl2" instantiated to "immsh" is swept in optimizing("C:\Users\Juan\Documents\Documentos_para_residencia\MIPS ENSAMBLADOR\MIPS\src\TopMips.sv":128)
WARN  (NL0002) : The module "adder" instantiated to "pcadd2" is swept in optimizing("C:\Users\Juan\Documents\Documentos_para_residencia\MIPS ENSAMBLADOR\MIPS\src\TopMips.sv":129)
WARN  (NL0002) : The module "mux2" instantiated to "pcbrmux" is swept in optimizing("C:\Users\Juan\Documents\Documentos_para_residencia\MIPS ENSAMBLADOR\MIPS\src\TopMips.sv":130)
WARN  (NL0002) : The module "mux2" instantiated to "resmux" is swept in optimizing("C:\Users\Juan\Documents\Documentos_para_residencia\MIPS ENSAMBLADOR\MIPS\src\TopMips.sv":138)
WARN  (NL0002) : The module "signext" instantiated to "se" is swept in optimizing("C:\Users\Juan\Documents\Documentos_para_residencia\MIPS ENSAMBLADOR\MIPS\src\TopMips.sv":139)
WARN  (NL0002) : The module "mux2" instantiated to "srcbmux" is swept in optimizing("C:\Users\Juan\Documents\Documentos_para_residencia\MIPS ENSAMBLADOR\MIPS\src\TopMips.sv":141)
[95%] Generate netlist file "C:\Users\Juan\Documents\Documentos_para_residencia\MIPS ENSAMBLADOR\MIPS\impl\gwsynthesis\MIPS.vg" completed
[100%] Generate report file "C:\Users\Juan\Documents\Documentos_para_residencia\MIPS ENSAMBLADOR\MIPS\impl\gwsynthesis\MIPS_syn.rpt.html" completed
GowinSynthesis finish
